<?xml version="1.0" encoding="UTF-8"?>
<!-- Generated by org.testng.reporters.JUnitXMLReporter -->
<testsuite ignored="0" hostname="DESKTOP-G0826BT" failures="0" tests="4" name="Test" time="0.106" errors="0" timestamp="2022-09-26T12:42:03 IST">
  <testcase classname="scripts.TestCase0" name="Tc1" time="0.016"/>
  <testcase classname="scripts.TestCase1" name="Tc2" time="0.002"/>
  <testcase classname="scripts.TestCase2" name="Tc3" time="0.003"/>
  <testcase classname="scripts.TestCase3" name="Tc4" time="0.002"/>
</testsuite> <!-- Test -->
