<?xml version="1.0" encoding="UTF-8"?>
<testng-results ignored="0" total="4" passed="4" failed="0" skipped="0">
  <reporter-output>
    <line>
      <![CDATA[Hello Selenium]]>
    </line>
    <line>
      <![CDATA[Hello java]]>
    </line>
    <line>
      <![CDATA[Hello python]]>
    </line>
    <line>
      <![CDATA[Hello PythonSelenium]]>
    </line>
  </reporter-output>
  <suite started-at="2022-09-26T12:42:02 IST" name="Suite" finished-at="2022-09-26T12:42:03 IST" duration-ms="106">
    <groups>
    </groups>
    <test started-at="2022-09-26T12:42:02 IST" name="Test" finished-at="2022-09-26T12:42:03 IST" duration-ms="106">
      <class name="scripts.TestCase0">
        <test-method signature="Tc1()[pri:0, instance:scripts.TestCase0@6fe7aac8]" started-at="2022-09-26T12:42:03 IST" name="Tc1" finished-at="2022-09-26T12:42:03 IST" duration-ms="16" status="PASS">
          <reporter-output>
            <line>
              <![CDATA[Hello Selenium]]>
            </line>
          </reporter-output>
        </test-method> <!-- Tc1 -->
      </class> <!-- scripts.TestCase0 -->
      <class name="scripts.TestCase1">
        <test-method signature="Tc2()[pri:0, instance:scripts.TestCase1@3e2e18f2]" started-at="2022-09-26T12:42:03 IST" name="Tc2" finished-at="2022-09-26T12:42:03 IST" duration-ms="2" status="PASS">
          <reporter-output>
            <line>
              <![CDATA[Hello java]]>
            </line>
          </reporter-output>
        </test-method> <!-- Tc2 -->
      </class> <!-- scripts.TestCase1 -->
      <class name="scripts.TestCase2">
        <test-method signature="Tc3()[pri:0, instance:scripts.TestCase2@470f1802]" started-at="2022-09-26T12:42:03 IST" name="Tc3" finished-at="2022-09-26T12:42:03 IST" duration-ms="3" status="PASS">
          <reporter-output>
            <line>
              <![CDATA[Hello python]]>
            </line>
          </reporter-output>
        </test-method> <!-- Tc3 -->
      </class> <!-- scripts.TestCase2 -->
      <class name="scripts.TestCase3">
        <test-method signature="Tc4()[pri:0, instance:scripts.TestCase3@63021689]" started-at="2022-09-26T12:42:03 IST" name="Tc4" finished-at="2022-09-26T12:42:03 IST" duration-ms="2" status="PASS">
          <reporter-output>
            <line>
              <![CDATA[Hello PythonSelenium]]>
            </line>
          </reporter-output>
        </test-method> <!-- Tc4 -->
      </class> <!-- scripts.TestCase3 -->
    </test> <!-- Test -->
  </suite> <!-- Suite -->
</testng-results>
